<?xml version="1.0" encoding="UTF-8" ?>
<testsuite failures="0" time="2.663" errors="0" skipped="0" tests="1" name="com.oas.test.utils.OASTestCase">
  <properties>
    <property name="java.runtime.name" value="Java(TM) SE Runtime Environment"/>
    <property name="sun.boot.library.path" value="C:\Program Files\Java\jre6\bin"/>
    <property name="java.vm.version" value="17.0-b16"/>
    <property name="java.vm.vendor" value="Sun Microsystems Inc."/>
    <property name="java.vendor.url" value="http://java.sun.com/"/>
    <property name="path.separator" value=";"/>
    <property name="java.vm.name" value="Java HotSpot(TM) 64-Bit Server VM"/>
    <property name="file.encoding.pkg" value="sun.io"/>
    <property name="user.country" value="DE"/>
    <property name="sun.java.launcher" value="SUN_STANDARD"/>
    <property name="sun.os.patch.level" value=""/>
    <property name="java.vm.specification.name" value="Java Virtual Machine Specification"/>
    <property name="user.dir" value="D:\workspace\oas"/>
    <property name="java.runtime.version" value="1.6.0_21-b06"/>
    <property name="java.awt.graphicsenv" value="sun.awt.Win32GraphicsEnvironment"/>
    <property name="basedir" value="D:\workspace\oas"/>
    <property name="java.endorsed.dirs" value="C:\Program Files\Java\jre6\lib\endorsed"/>
    <property name="os.arch" value="amd64"/>
    <property name="surefire.real.class.path" value="C:\Users\home\AppData\Local\Temp\surefirebooter6652939927373996771.jar"/>
    <property name="java.io.tmpdir" value="C:\Users\home\AppData\Local\Temp\"/>
    <property name="line.separator" value="
"/>
    <property name="java.vm.specification.vendor" value="Sun Microsystems Inc."/>
    <property name="user.variant" value=""/>
    <property name="os.name" value="Windows 7"/>
    <property name="sun.jnu.encoding" value="Cp1252"/>
    <property name="java.library.path" value="C:\Program Files\Java\jre6\bin;.;C:\Windows\Sun\Java\bin;C:\Windows\system32;C:\Windows;C:\Program Files\Common Files\Microsoft Shared\Windows Live;C:\Windows\system32;C:\Windows;C:\Windows\System32\Wbem;C:\Windows\System32\WindowsPowerShell\v1.0\;C:\Program Files\MySQL\MySQL Server 5.1\bin;C:\Program Files\Common Files\Microsoft Shared\Windows Live"/>
    <property name="surefire.test.class.path" value="D:\workspace\oas\target\test-classes;D:\workspace\oas\target\classes;C:\Users\home\.m2\repository\log4j\log4j\1.2.14\log4j-1.2.14.jar;C:\Users\home\.m2\repository\org\apache\wicket\wicket\1.4.9\wicket-1.4.9.jar;C:\Users\home\.m2\repository\org\slf4j\slf4j-api\1.5.8\slf4j-api-1.5.8.jar;C:\Users\home\.m2\repository\org\apache\wicket\wicket-extensions\1.4.9\wicket-extensions-1.4.9.jar;C:\Users\home\.m2\repository\org\apache\wicket\wicket-datetime\1.4.9\wicket-datetime-1.4.9.jar;C:\Users\home\.m2\repository\joda-time\joda-time\1.6\joda-time-1.6.jar;C:\Users\home\.m2\repository\org\apache\wicket\wicket-spring\1.4.9\wicket-spring-1.4.9.jar;C:\Users\home\.m2\repository\org\apache\wicket\wicket-ioc\1.4.9\wicket-ioc-1.4.9.jar;C:\Users\home\.m2\repository\cglib\cglib-nodep\2.1_3\cglib-nodep-2.1_3.jar;C:\Users\home\.m2\repository\org\wicketstuff\gmap2\1.4.1\gmap2-1.4.1.jar;C:\Users\home\.m2\repository\commons-logging\commons-logging\1.0.4\commons-logging-1.0.4.jar;C:\Users\home\.m2\repository\org\slf4j\slf4j-log4j12\1.4.2\slf4j-log4j12-1.4.2.jar;C:\Users\home\.m2\repository\org\springframework\spring-test\2.5.6\spring-test-2.5.6.jar;C:\Users\home\.m2\repository\junit\junit\4.4\junit-4.4.jar;C:\Users\home\.m2\repository\cglib\cglib\2.1_3\cglib-2.1_3.jar;C:\Users\home\.m2\repository\asm\asm\1.5.3\asm-1.5.3.jar;C:\Users\home\.m2\repository\mysql\mysql-connector-java\5.1.6\mysql-connector-java-5.1.6.jar;C:\Users\home\.m2\repository\commons-pool\commons-pool\1.3\commons-pool-1.3.jar;C:\Users\home\.m2\repository\commons-lang\commons-lang\2.1\commons-lang-2.1.jar;C:\Users\home\.m2\repository\commons-collections\commons-collections\3.2\commons-collections-3.2.jar;C:\Users\home\.m2\repository\org\hibernate\hibernate\3.2.6.ga\hibernate-3.2.6.ga.jar;C:\Users\home\.m2\repository\net\sf\ehcache\ehcache\1.2.3\ehcache-1.2.3.jar;C:\Users\home\.m2\repository\asm\asm-attrs\1.5.3\asm-attrs-1.5.3.jar;C:\Users\home\.m2\repository\dom4j\dom4j\1.6.1\dom4j-1.6.1.jar;C:\Users\home\.m2\repository\antlr\antlr\2.7.6\antlr-2.7.6.jar;C:\Users\home\.m2\repository\org\hibernate\hibernate-entitymanager\3.4.0.GA\hibernate-entitymanager-3.4.0.GA.jar;C:\Users\home\.m2\repository\org\hibernate\ejb3-persistence\1.0.2.GA\ejb3-persistence-1.0.2.GA.jar;C:\Users\home\.m2\repository\org\hibernate\hibernate-commons-annotations\3.1.0.GA\hibernate-commons-annotations-3.1.0.GA.jar;C:\Users\home\.m2\repository\org\hibernate\hibernate-annotations\3.4.0.GA\hibernate-annotations-3.4.0.GA.jar;C:\Users\home\.m2\repository\org\hibernate\hibernate-core\3.3.0.SP1\hibernate-core-3.3.0.SP1.jar;C:\Users\home\.m2\repository\javax\transaction\jta\1.1\jta-1.1.jar;C:\Users\home\.m2\repository\javassist\javassist\3.4.GA\javassist-3.4.GA.jar;C:\Users\home\.m2\repository\org\apache\velocity\velocity\1.5\velocity-1.5.jar;C:\Users\home\.m2\repository\oro\oro\2.0.8\oro-2.0.8.jar;C:\Users\home\.m2\repository\javax\mail\mail\1.4\mail-1.4.jar;C:\Users\home\.m2\repository\javax\activation\activation\1.1\activation-1.1.jar;C:\Users\home\.m2\repository\org\springframework\spring\2.5.6\spring-2.5.6.jar;"/>
    <property name="java.specification.name" value="Java Platform API Specification"/>
    <property name="java.class.version" value="50.0"/>
    <property name="sun.management.compiler" value="HotSpot 64-Bit Server Compiler"/>
    <property name="os.version" value="6.1"/>
    <property name="user.home" value="C:\Users\home"/>
    <property name="user.timezone" value="Asia/Katmandu"/>
    <property name="java.awt.printerjob" value="sun.awt.windows.WPrinterJob"/>
    <property name="java.specification.version" value="1.6"/>
    <property name="file.encoding" value="Cp1252"/>
    <property name="user.name" value="home"/>
    <property name="java.class.path" value="D:\workspace\oas\target\test-classes;D:\workspace\oas\target\classes;C:\Users\home\.m2\repository\log4j\log4j\1.2.14\log4j-1.2.14.jar;C:\Users\home\.m2\repository\org\apache\wicket\wicket\1.4.9\wicket-1.4.9.jar;C:\Users\home\.m2\repository\org\slf4j\slf4j-api\1.5.8\slf4j-api-1.5.8.jar;C:\Users\home\.m2\repository\org\apache\wicket\wicket-extensions\1.4.9\wicket-extensions-1.4.9.jar;C:\Users\home\.m2\repository\org\apache\wicket\wicket-datetime\1.4.9\wicket-datetime-1.4.9.jar;C:\Users\home\.m2\repository\joda-time\joda-time\1.6\joda-time-1.6.jar;C:\Users\home\.m2\repository\org\apache\wicket\wicket-spring\1.4.9\wicket-spring-1.4.9.jar;C:\Users\home\.m2\repository\org\apache\wicket\wicket-ioc\1.4.9\wicket-ioc-1.4.9.jar;C:\Users\home\.m2\repository\cglib\cglib-nodep\2.1_3\cglib-nodep-2.1_3.jar;C:\Users\home\.m2\repository\org\wicketstuff\gmap2\1.4.1\gmap2-1.4.1.jar;C:\Users\home\.m2\repository\commons-logging\commons-logging\1.0.4\commons-logging-1.0.4.jar;C:\Users\home\.m2\repository\org\slf4j\slf4j-log4j12\1.4.2\slf4j-log4j12-1.4.2.jar;C:\Users\home\.m2\repository\org\springframework\spring-test\2.5.6\spring-test-2.5.6.jar;C:\Users\home\.m2\repository\junit\junit\4.4\junit-4.4.jar;C:\Users\home\.m2\repository\cglib\cglib\2.1_3\cglib-2.1_3.jar;C:\Users\home\.m2\repository\asm\asm\1.5.3\asm-1.5.3.jar;C:\Users\home\.m2\repository\mysql\mysql-connector-java\5.1.6\mysql-connector-java-5.1.6.jar;C:\Users\home\.m2\repository\commons-pool\commons-pool\1.3\commons-pool-1.3.jar;C:\Users\home\.m2\repository\commons-lang\commons-lang\2.1\commons-lang-2.1.jar;C:\Users\home\.m2\repository\commons-collections\commons-collections\3.2\commons-collections-3.2.jar;C:\Users\home\.m2\repository\org\hibernate\hibernate\3.2.6.ga\hibernate-3.2.6.ga.jar;C:\Users\home\.m2\repository\net\sf\ehcache\ehcache\1.2.3\ehcache-1.2.3.jar;C:\Users\home\.m2\repository\asm\asm-attrs\1.5.3\asm-attrs-1.5.3.jar;C:\Users\home\.m2\repository\dom4j\dom4j\1.6.1\dom4j-1.6.1.jar;C:\Users\home\.m2\repository\antlr\antlr\2.7.6\antlr-2.7.6.jar;C:\Users\home\.m2\repository\org\hibernate\hibernate-entitymanager\3.4.0.GA\hibernate-entitymanager-3.4.0.GA.jar;C:\Users\home\.m2\repository\org\hibernate\ejb3-persistence\1.0.2.GA\ejb3-persistence-1.0.2.GA.jar;C:\Users\home\.m2\repository\org\hibernate\hibernate-commons-annotations\3.1.0.GA\hibernate-commons-annotations-3.1.0.GA.jar;C:\Users\home\.m2\repository\org\hibernate\hibernate-annotations\3.4.0.GA\hibernate-annotations-3.4.0.GA.jar;C:\Users\home\.m2\repository\org\hibernate\hibernate-core\3.3.0.SP1\hibernate-core-3.3.0.SP1.jar;C:\Users\home\.m2\repository\javax\transaction\jta\1.1\jta-1.1.jar;C:\Users\home\.m2\repository\javassist\javassist\3.4.GA\javassist-3.4.GA.jar;C:\Users\home\.m2\repository\org\apache\velocity\velocity\1.5\velocity-1.5.jar;C:\Users\home\.m2\repository\oro\oro\2.0.8\oro-2.0.8.jar;C:\Users\home\.m2\repository\javax\mail\mail\1.4\mail-1.4.jar;C:\Users\home\.m2\repository\javax\activation\activation\1.1\activation-1.1.jar;C:\Users\home\.m2\repository\org\springframework\spring\2.5.6\spring-2.5.6.jar;"/>
    <property name="java.vm.specification.version" value="1.0"/>
    <property name="sun.arch.data.model" value="64"/>
    <property name="java.home" value="C:\Program Files\Java\jre6"/>
    <property name="java.specification.vendor" value="Sun Microsystems Inc."/>
    <property name="user.language" value="de"/>
    <property name="awt.toolkit" value="sun.awt.windows.WToolkit"/>
    <property name="java.vm.info" value="mixed mode"/>
    <property name="java.version" value="1.6.0_21"/>
    <property name="java.ext.dirs" value="C:\Program Files\Java\jre6\lib\ext;C:\Windows\Sun\Java\lib\ext"/>
    <property name="sun.boot.class.path" value="C:\Program Files\Java\jre6\lib\resources.jar;C:\Program Files\Java\jre6\lib\rt.jar;C:\Program Files\Java\jre6\lib\sunrsasign.jar;C:\Program Files\Java\jre6\lib\jsse.jar;C:\Program Files\Java\jre6\lib\jce.jar;C:\Program Files\Java\jre6\lib\charsets.jar;C:\Program Files\Java\jre6\classes"/>
    <property name="java.vendor" value="Sun Microsystems Inc."/>
    <property name="localRepository" value="C:\Users\home\.m2\repository"/>
    <property name="file.separator" value="\"/>
    <property name="java.vendor.url.bug" value="http://java.sun.com/cgi-bin/bugreport.cgi"/>
    <property name="sun.cpu.endian" value="little"/>
    <property name="sun.io.unicode.encoding" value="UnicodeLittle"/>
    <property name="sun.desktop" value="windows"/>
    <property name="sun.cpu.isalist" value="amd64"/>
  </properties>
  <testcase time="0.006" classname="com.oas.test.utils.OASTestCase" name="test"/>
</testsuite>